1695501136631	geckodriver	INFO	Listening on 127.0.0.1:57665
1695501139693	mozrunner::runner	INFO	Running command: "C:\\Program Files\\Mozilla Firefox\\firefox.exe" "--marionette" "--remote-debugging-port" "57666" "--remote-allow-hosts" "localhost" "-no-remote" "-profile" "C:\\Users\\hp\\AppData\\Local\\Temp\\rust_mozprofileGTrUDk"
console.warn: services.settings: Ignoring preference override of remote settings server
console.warn: services.settings: Allow by setting MOZ_REMOTE_SETTINGS_DEVTOOLS=1 in the environment
1695501139922	Marionette	INFO	Marionette enabled
Dynamically enable window occlusion 0
1695501140001	Marionette	INFO	Listening on port 57676
WebDriver BiDi listening on ws://127.0.0.1:57666
Read port: 57676
1695501140203	RemoteAgent	WARN	TLS certificate errors will be ignored for this session
DevTools listening on ws://127.0.0.1:57666/devtools/browser/341babf2-d71f-439b-bd1e-4efff9211ec0
JavaScript warning: https://static.cdninstagram.com/rsrc.php/v3i0fJ4/ye/l/en_US/-LL0Q2h1dId.js?_nc_x=Ij3Wp8lg5Kz, line 120: WEBGL_debug_renderer_info is deprecated in Firefox and will be removed. Please use RENDERER.
console.warn: LoginRecipes: "Falling back to a synchronous message for: https://www.instagram.com."
console.warn: LoginRecipes: "Falling back to a synchronous message for: https://www.instagram.com."
JavaScript warning: https://static.cdninstagram.com/rsrc.php/v3i0fJ4/yg/l/makehaste_jhash/-4Tu4tUTy-H.js?_nc_x=Ij3Wp8lg5Kz, line 120: WEBGL_debug_renderer_info is deprecated in Firefox and will be removed. Please use RENDERER.
1695501158914	Marionette	WARN	Ignoring event 'DOMContentLoaded' because document has an invalid readyState of 'complete'.
1695501159818	Marionette	INFO	Stopped listening on port 57676
Dynamically enable window occlusion 1
1695501175078	geckodriver	INFO	Listening on 127.0.0.1:57755
1695501178126	mozrunner::runner	INFO	Running command: "C:\\Program Files\\Mozilla Firefox\\firefox.exe" "--marionette" "--remote-debugging-port" "57756" "--remote-allow-hosts" "localhost" "-no-remote" "-profile" "C:\\Users\\hp\\AppData\\Local\\Temp\\rust_mozprofileGjvmeV"
console.warn: services.settings: Ignoring preference override of remote settings server
console.warn: services.settings: Allow by setting MOZ_REMOTE_SETTINGS_DEVTOOLS=1 in the environment
1695501178352	Marionette	INFO	Marionette enabled
Dynamically enable window occlusion 0
1695501178432	Marionette	INFO	Listening on port 57763
WebDriver BiDi listening on ws://127.0.0.1:57756
Read port: 57763
1695501178628	RemoteAgent	WARN	TLS certificate errors will be ignored for this session
DevTools listening on ws://127.0.0.1:57756/devtools/browser/2544c7ed-6870-4a25-b766-6aaa4f478bf1
JavaScript warning: https://static.cdninstagram.com/rsrc.php/v3i0fJ4/ye/l/en_US/-LL0Q2h1dId.js?_nc_x=Ij3Wp8lg5Kz, line 120: WEBGL_debug_renderer_info is deprecated in Firefox and will be removed. Please use RENDERER.
console.warn: LoginRecipes: "Falling back to a synchronous message for: https://www.instagram.com."
console.warn: LoginRecipes: "Falling back to a synchronous message for: https://www.instagram.com."
JavaScript warning: https://static.cdninstagram.com/rsrc.php/v3i0fJ4/yQ/l/makehaste_jhash/-LL0Q2h1dId.js?_nc_x=Ij3Wp8lg5Kz, line 120: WEBGL_debug_renderer_info is deprecated in Firefox and will be removed. Please use RENDERER.
console.warn: LoginRecipes: "Falling back to a synchronous message for: https://www.instagram.com."
JavaScript warning: https://static.cdninstagram.com/rsrc.php/v3i2aB4/yp/l/makehaste_jhash/OmEGlqB2wMmnhsyKQqvRsam0F41ExbFikOkgL7pc_gGcyGz076D6l6aPi-tRu11qgP7Qg-5b0dkrAWsEaFCEalYvvDIb8_9W46xCb84Ny-FmUbZ5jIG0Gy7O6AMBI80zJOUIbawJQOMoyiPKo9ecG1nrolJacqlEEybzGj0ddhMTvrendk-iScgshet8lm46q4Ab-PvsWqehdEtWwDQVEH-g-FDC.js?_nc_x=Ij3Wp8lg5Kz, line 128: Script terminated by timeout at:
h@https://static.cdninstagram.com/rsrc.php/v3i2aB4/yp/l/makehaste_jhash/OmEGlqB2wMmnhsyKQqvRsam0F41ExbFikOkgL7pc_gGcyGz076D6l6aPi-tRu11qgP7Qg-5b0dkrAWsEaFCEalYvvDIb8_9W46xCb84Ny-FmUbZ5jIG0Gy7O6AMBI80zJOUIbawJQOMoyiPKo9ecG1nrolJacqlEEybzGj0ddhMTvrendk-iScgshet8lm46q4Ab-PvsWqehdEtWwDQVEH-g-FDC.js?_nc_x=Ij3Wp8lg5Kz:128:1500
a@https://static.cdninstagram.com/rsrc.php/v3i2aB4/yp/l/makehaste_jhash/OmEGlqB2wMmnhsyKQqvRsam0F41ExbFikOkgL7pc_gGcyGz076D6l6aPi-tRu11qgP7Qg-5b0dkrAWsEaFCEalYvvDIb8_9W46xCb84Ny-FmUbZ5jIG0Gy7O6AMBI80zJOUIbawJQOMoyiPKo9ecG1nrolJacqlEEybzGj0ddhMTvrendk-iScgshet8lm46q4Ab-PvsWqehdEtWwDQVEH-g-FDC.js?_nc_x=Ij3Wp8lg5Kz:128:4938
i@https://static.cdninstagram.com/rsrc.php/v3i2aB4/yp/l/makehaste_jhash/OmEGlqB2wMmnhsyKQqvRsam0F41ExbFikOkgL7pc_gGcyGz076D6l6aPi-tRu11qgP7Qg-5b0dkrAWsEaFCEalYvvDIb8_9W46xCb84Ny-FmUbZ5jIG0Gy7O6AMBI80zJOUIbawJQOMoyiPKo9ecG1nrolJacqlEEybzGj0ddhMTvrendk-iScgshet8lm46q4Ab-PvsWqehdEtWwDQVEH-g-FDC.js?_nc_x=Ij3Wp8lg5Kz:128:1543
y/b/notify/<@https://static.cdninstagram.com/rsrc.php/v3i2aB4/yp/l/makehaste_jhash/OmEGlqB2wMmnhsyKQqvRsam0F41ExbFikOkgL7pc_gGcyGz076D6l6aPi-tRu11qgP7Qg-5b0dkrAWsEaFCEalYvvDIb8_9W46xCb84Ny-FmUbZ5jIG0Gy7O6AMBI80zJOUIbawJQOMoyiPKo9ecG1nrolJacqlEEybzGj0ddhMTvrendk-iScgshet8lm46q4Ab-PvsWqehdEtWwDQVEH-g-FDC.js?_nc_x=Ij3Wp8lg5Kz:128:1071
Fj@https://static.cdninstagram.com/rsrc.php/v3i7B_4/yv/l/makehaste_jhash/avV9iUn2RPi.js?_nc_x=Ij3Wp8lg5Kz:61:116342
notify@https://static.cdninstagram.com/rsrc.php/v3i2aB4/yp/l/makehaste_jhash/OmEGlqB2wMmnhsyKQqvRsam0F41ExbFikOkgL7pc_gGcyGz076D6l6aPi-tRu11qgP7Qg-5b0dkrAWsEaFCEalYvvDIb8_9W46xCb84Ny-FmUbZ5jIG0Gy7O6AMBI80zJOUIbawJQOMoyiPKo9ecG1nrolJacqlEEybzGj0ddhMTvrendk-iScgshet8lm46q4Ab-PvsWqehdEtWwDQVEH-g-FDC.js?_nc_x=Ij3Wp8lg5Kz:128:1041
h@https://static.cdninstagram.com/rsrc.php/v3i2aB4/yp/l/makehaste_jhash/OmEGlqB2wMmnhsyKQqvRsam0F41ExbFikOkgL7pc_gGcyGz076D6l6aPi-tRu11qgP7Qg-5b0dkrAWsEaFCEalYvvDIb8_9W46xCb84Ny-FmUbZ5jIG0Gy7O6AMBI80zJOUIbawJQOMoyiPKo9ecG1nrolJacqlEEybzGj0ddhMTvrendk-iScgshet8lm46q4Ab-PvsWqehdEtWwDQVEH-g-FDC.js?_nc_x=Ij3Wp8lg5Kz:128:1502
i@https://static.cdninstagram.com/rsrc.php/v3i2aB4/yp/l/makehaste_jhash/OmEGlqB2wMmnhsyKQqvRsam0F41ExbFikOkgL7pc_gGcyGz076D6l6aPi-tRu11qgP7Qg-5b0dkrAWsEaFCEalYvvDIb8_9W46xCb84Ny-FmUbZ5jIG0Gy7O6AMBI80zJOUIbawJQOMoyiPKo9ecG1nrolJacqlEEybzGj0ddhMTvrendk-iScgshet8lm46q4Ab-PvsWqehdEtWwDQVEH-g-FDC.js?_nc_x=Ij3Wp8lg5Kz:128:1543
q@https://static.cdninstagram.com/rsrc.php/v3i2aB4/yp/l/makehaste_jhash/OmEGlqB2wMmnhsyKQqvRsam0F41ExbFikOkgL7pc_gGcyGz076D6l6aPi-tRu11qgP7Qg-5b0dkrAWsEaFCEalYvvDIb8_9W46xCb84Ny-FmUbZ5jIG0Gy7O6AMBI80zJOUIbawJQOMoyiPKo9ecG1nrolJacqlEEybzGj0ddhMTvrendk-iScgshet8lm46q4Ab-PvsWqehdEtWwDQVEH-g-FDC.js?_nc_x=Ij3Wp8lg5Kz:137:2642
a/</<@https://static.cdninstagram.com/rsrc.php/v3iVC-4/y2/l/makehaste_jhash/8khNhtNyxDP.js?_nc_x=Ij3Wp8lg5Kz:1227:457
i/a/</</<@https://static.cdninstagram.com/rsrc.php/v3i2aB4/yp/l/makehaste_jhash/OmEGlqB2wMmnhsyKQqvRsam0F41ExbFikOkgL7pc_gGcyGz076D6l6aPi-tRu11qgP7Qg-5b0dkrAWsEaFCEalYvvDIb8_9W46xCb84Ny-FmUbZ5jIG0Gy7O6AMBI80zJOUIbawJQOMoyiPKo9ecG1nrolJacqlEEybzGj0ddhMTvrendk-iScgshet8lm46q4Ab-PvsWqehdEtWwDQVEH-g-FDC.js?_nc_x=Ij3Wp8lg5Kz:141:255
a/</<@https://static.cdninstagram.com/rsrc.php/v3iVC-4/y2/l/makehaste_jhash/8khNhtNyxDP.js?_nc_x=Ij3Wp8lg5Kz:1524:243
dispatch@https://static.cdninstagram.com/rsrc.php/v3i2aB4/yp/l/makehaste_jhash/OmEGlqB2wMmnhsyKQqvRsam0F41ExbFikOkgL7pc_gGcyGz076D6l6aPi-tRu11qgP7Qg-5b0dkrAWsEaFCEalYvvDIb8_9W46xCb84Ny-FmUbZ5jIG0Gy7O6AMBI80zJOUIbawJQOMoyiPKo9ecG1nrolJacqlEEybzGj0ddhMTvrendk-iScgshet8lm46q4Ab-PvsWqehdEtWwDQVEH-g-FDC.js?_nc_x=Ij3Wp8lg5Kz:137:6391
b/<@https://static.cdninstagram.com/rsrc.php/v3i2aB4/yp/l/makehaste_jhash/OmEGlqB2wMmnhsyKQqvRsam0F41ExbFikOkgL7pc_gGcyGz076D6l6aPi-tRu11qgP7Qg-5b0dkrAWsEaFCEalYvvDIb8_9W46xCb84Ny-FmUbZ5jIG0Gy7O6AMBI80zJOUIbawJQOMoyiPKo9ecG1nrolJacqlEEybzGj0ddhMTvrendk-iScgshet8lm46q4Ab-PvsWqehdEtWwDQVEH-g-FDC.js?_nc_x=Ij3Wp8lg5Kz:529:215
i/a/</</<@https://static.cdninstagram.com/rsrc.php/v3i2aB4/yp/l/makehaste_jhash/OmEGlqB2wMmnhsyKQqvRsam0F41ExbFikOkgL7pc_gGcyGz076D6l6aPi-tRu11qgP7Qg-5b0dkrAWsEaFCEalYvvDIb8_9W46xCb84Ny-FmUbZ5jIG0Gy7O6AMBI80zJOUIbawJQOMoyiPKo9ecG1nrolJacqlEEybzGj0ddhMTvrendk-iScgshet8lm46q4Ab-PvsWqehdEtWwDQVEH-g-FDC.js?_nc_x=Ij3Wp8lg5Kz:141:246
a/</<@https://static.cdninstagram.com/rsrc.php/v3iVC-4/y2/l/makehaste_jhash/8khNhtNyxDP.js?_nc_x=Ij3Wp8lg5Kz:1524:243
a/r<@https://static.cdninstagram.com/rsrc.php/v3i2aB4/yp/l/makehaste_jhash/OmEGlqB2wMmnhsyKQqvRsam0F41ExbFikOkgL7pc_gGcyGz076D6l6aPi-tRu11qgP7Qg-5b0dkrAWsEaFCEalYvvDIb8_9W46xCb84Ny-FmUbZ5jIG0Gy7O6AMBI80zJOUIbawJQOMoyiPKo9ecG1nrolJacqlEEybzGj0ddhMTvrendk-iScgshet8lm46q4Ab-PvsWqehdEtWwDQVEH-g-FDC.js?_nc_x=Ij3Wp8lg5Kz:857:1067

1695501234182	Marionette	INFO	Stopped listening on port 57763
Dynamically enable window occlusion 1
1695501244545	geckodriver	INFO	Listening on 127.0.0.1:57874
1695501247604	mozrunner::runner	INFO	Running command: "C:\\Program Files\\Mozilla Firefox\\firefox.exe" "--marionette" "--remote-debugging-port" "57875" "--remote-allow-hosts" "localhost" "-no-remote" "-profile" "C:\\Users\\hp\\AppData\\Local\\Temp\\rust_mozprofilegjMIIo"
console.warn: services.settings: Ignoring preference override of remote settings server
console.warn: services.settings: Allow by setting MOZ_REMOTE_SETTINGS_DEVTOOLS=1 in the environment
1695501247844	Marionette	INFO	Marionette enabled
Dynamically enable window occlusion 0
1695501247923	Marionette	INFO	Listening on port 57882
WebDriver BiDi listening on ws://127.0.0.1:57875
Read port: 57882
1695501248133	RemoteAgent	WARN	TLS certificate errors will be ignored for this session
DevTools listening on ws://127.0.0.1:57875/devtools/browser/0b27243d-ac2a-4b2d-b50a-de8addd8bc4b
JavaScript warning: https://static.cdninstagram.com/rsrc.php/v3i0fJ4/ye/l/en_US/-LL0Q2h1dId.js?_nc_x=Ij3Wp8lg5Kz, line 120: WEBGL_debug_renderer_info is deprecated in Firefox and will be removed. Please use RENDERER.
console.warn: LoginRecipes: "Falling back to a synchronous message for: https://www.instagram.com."
console.warn: LoginRecipes: "Falling back to a synchronous message for: https://www.instagram.com."
JavaScript warning: https://static.cdninstagram.com/rsrc.php/v3i0fJ4/yQ/l/makehaste_jhash/-LL0Q2h1dId.js?_nc_x=Ij3Wp8lg5Kz, line 120: WEBGL_debug_renderer_info is deprecated in Firefox and will be removed. Please use RENDERER.
console.warn: LoginRecipes: "Falling back to a synchronous message for: https://www.instagram.com."
JavaScript warning: https://static.cdninstagram.com/rsrc.php/v3i0fJ4/yQ/l/makehaste_jhash/-LL0Q2h1dId.js?_nc_x=Ij3Wp8lg5Kz, line 120: WEBGL_debug_renderer_info is deprecated in Firefox and will be removed. Please use RENDERER.
1695501367038	Marionette	INFO	Stopped listening on port 57882
Dynamically enable window occlusion 1
